build/app/outputs/logs/manifest-merger-release-report.txt
-- Merging decision tree log ---
manifest
ADDED from src/main/AndroidManifest.xml:1:1-35:12
INJECTED from src/main/AndroidManifest.xml:1:1-35:12
INJECTED from src/main/AndroidManifest.xml:1:1-35:12
INJECTED from src/main/AndroidManifest.xml:1:1-35:12
MERGED from [:clipboard_manager] AndroidManifest.xml:2:1-7:12
MERGED from [:background_fetch] AndroidManifest.xml:2:1-22:12
MERGED from [tsbackgroundfetch-0.2.0.aar] AndroidManifest.xml:2:1-30:12
MERGED from [:shared_preferences] AndroidManifest.xml:2:1-7:12
MERGED from [:device_id] AndroidManifest.xml:2:1-9:12
MERGED from [:url_launcher] AndroidManifest.xml:2:1-14:12
MERGED from [:path_provider] AndroidManifest.xml:2:1-7:12
MERGED from [:sensors] AndroidManifest.xml:2:1-7:12
INJECTED from src/main/AndroidManifest.xml:1:1-35:12
INJECTED from src/main/AndroidManifest.xml:1:1-35:12
INJECTED from src/main/AndroidManifest.xml:1:1-35:12
	package
		ADDED from src/main/AndroidManifest.xml:2:5-32
		INJECTED from src/main/AndroidManifest.xml
		INJECTED from src/main/AndroidManifest.xml
	android:versionName
		INJECTED from src/main/AndroidManifest.xml
		ADDED from src/main/AndroidManifest.xml:1:1-35:12
		INJECTED from src/main/AndroidManifest.xml
	xmlns:tools
		ADDED from src/main/AndroidManifest.xml:3:5-51
	android:versionCode
		INJECTED from src/main/AndroidManifest.xml
		ADDED from src/main/AndroidManifest.xml:1:1-35:12
		INJECTED from src/main/AndroidManifest.xml
	xmlns:android
		ADDED from src/main/AndroidManifest.xml:1:11-69
application
ADDED from src/main/AndroidManifest.xml:10:5-34:19
MERGED from [:background_fetch] AndroidManifest.xml:7:5-20:19
MERGED from [:background_fetch] AndroidManifest.xml:7:5-20:19
MERGED from [tsbackgroundfetch-0.2.0.aar] AndroidManifest.xml:14:5-28:19
MERGED from [tsbackgroundfetch-0.2.0.aar] AndroidManifest.xml:14:5-28:19
MERGED from [:url_launcher] AndroidManifest.xml:7:5-12:19
MERGED from [:url_launcher] AndroidManifest.xml:7:5-12:19
	android:label
		ADDED from src/main/AndroidManifest.xml:13:9-32
		REJECTED from [tsbackgroundfetch-0.2.0.aar] AndroidManifest.xml:14:18-50
	android:icon
		ADDED from src/main/AndroidManifest.xml:14:9-43
	tools:replace
		ADDED from src/main/AndroidManifest.xml:11:9-38
	android:name
		ADDED from src/main/AndroidManifest.xml:12:9-57
activity#net.cfisd.cywoods.MainActivity
ADDED from src/main/AndroidManifest.xml:15:9-33:20
	android:launchMode
		ADDED from src/main/AndroidManifest.xml:17:13-43
	android:hardwareAccelerated
		ADDED from src/main/AndroidManifest.xml:20:13-47
	android:windowSoftInputMode
		ADDED from src/main/AndroidManifest.xml:21:13-55
	android:configChanges
		ADDED from src/main/AndroidManifest.xml:19:13-144
	android:theme
		ADDED from src/main/AndroidManifest.xml:18:13-47
	android:name
		ADDED from src/main/AndroidManifest.xml:16:13-41
meta-data#io.flutter.app.android.SplashScreenUntilFirstFrame
ADDED from src/main/AndroidManifest.xml:26:13-28:40
	android:value
		ADDED from src/main/AndroidManifest.xml:28:17-37
	android:name
		ADDED from src/main/AndroidManifest.xml:27:17-82
intent-filter#action:name:android.intent.action.MAIN+category:name:android.intent.category.LAUNCHER
ADDED from src/main/AndroidManifest.xml:29:13-32:29
action#android.intent.action.MAIN
ADDED from src/main/AndroidManifest.xml:30:17-68
	android:name
		ADDED from src/main/AndroidManifest.xml:30:25-66
category#android.intent.category.LAUNCHER
ADDED from src/main/AndroidManifest.xml:31:17-76
	android:name
		ADDED from src/main/AndroidManifest.xml:31:27-74
uses-sdk
INJECTED from src/main/AndroidManifest.xml reason: use-sdk injection requested
INJECTED from src/main/AndroidManifest.xml
INJECTED from src/main/AndroidManifest.xml
MERGED from [:clipboard_manager] AndroidManifest.xml:5:5-44
MERGED from [:clipboard_manager] AndroidManifest.xml:5:5-44
MERGED from [:background_fetch] AndroidManifest.xml:5:5-44
MERGED from [:background_fetch] AndroidManifest.xml:5:5-44
MERGED from [tsbackgroundfetch-0.2.0.aar] AndroidManifest.xml:7:5-9:41
MERGED from [tsbackgroundfetch-0.2.0.aar] AndroidManifest.xml:7:5-9:41
MERGED from [:shared_preferences] AndroidManifest.xml:5:5-44
MERGED from [:shared_preferences] AndroidManifest.xml:5:5-44
MERGED from [:device_id] AndroidManifest.xml:5:5-44
MERGED from [:device_id] AndroidManifest.xml:5:5-44
MERGED from [:url_launcher] AndroidManifest.xml:5:5-44
MERGED from [:url_launcher] AndroidManifest.xml:5:5-44
MERGED from [:path_provider] AndroidManifest.xml:5:5-44
MERGED from [:path_provider] AndroidManifest.xml:5:5-44
MERGED from [:sensors] AndroidManifest.xml:5:5-44
MERGED from [:sensors] AndroidManifest.xml:5:5-44
INJECTED from src/main/AndroidManifest.xml
INJECTED from src/main/AndroidManifest.xml
	android:targetSdkVersion
		INJECTED from src/main/AndroidManifest.xml
		ADDED from src/main/AndroidManifest.xml
		INJECTED from src/main/AndroidManifest.xml
	android:minSdkVersion
		INJECTED from src/main/AndroidManifest.xml
		ADDED from src/main/AndroidManifest.xml
		INJECTED from src/main/AndroidManifest.xml
service#com.transistorsoft.flutter.backgroundfetch.HeadlessJobService
ADDED from [:background_fetch] AndroidManifest.xml:10:9-13:72
	android:exported
		ADDED from [:background_fetch] AndroidManifest.xml:12:13-36
	android:permission
		ADDED from [:background_fetch] AndroidManifest.xml:13:13-69
	android:name
		ADDED from [:background_fetch] AndroidManifest.xml:11:13-89
receiver#com.transistorsoft.flutter.backgroundfetch.HeadlessBroadcastReceiver
ADDED from [:background_fetch] AndroidManifest.xml:15:9-19:20
	android:name
		ADDED from [:background_fetch] AndroidManifest.xml:15:19-102
intent-filter#action:name:${applicationId}.event.BACKGROUND_FETCH
ADDED from [:background_fetch] AndroidManifest.xml:16:13-18:29
intent-filter#action:name:net.cfisd.cywoods.event.BACKGROUND_FETCH
ADDED from [:background_fetch] AndroidManifest.xml:16:13-18:29
action#${applicationId}.event.BACKGROUND_FETCH
ADDED from [:background_fetch] AndroidManifest.xml:17:17-82
	android:name
		ADDED from [:background_fetch] AndroidManifest.xml:17:25-79
action#net.cfisd.cywoods.event.BACKGROUND_FETCH
ADDED from [:background_fetch] AndroidManifest.xml:17:17-82
	android:name
		ADDED from [:background_fetch] AndroidManifest.xml:17:25-79
uses-permission#android.permission.RECEIVE_BOOT_COMPLETED
ADDED from [tsbackgroundfetch-0.2.0.aar] AndroidManifest.xml:11:5-81
	android:name
		ADDED from [tsbackgroundfetch-0.2.0.aar] AndroidManifest.xml:11:22-78
uses-permission#android.permission.GET_TASKS
ADDED from [tsbackgroundfetch-0.2.0.aar] AndroidManifest.xml:12:5-68
	android:name
		ADDED from [tsbackgroundfetch-0.2.0.aar] AndroidManifest.xml:12:22-65
receiver#com.transistorsoft.tsbackgroundfetch.FetchAlarmReceiver
ADDED from [tsbackgroundfetch-0.2.0.aar] AndroidManifest.xml:15:9-92
	android:name
		ADDED from [tsbackgroundfetch-0.2.0.aar] AndroidManifest.xml:15:19-89
service#com.transistorsoft.tsbackgroundfetch.FetchJobService
ADDED from [tsbackgroundfetch-0.2.0.aar] AndroidManifest.xml:17:9-20:72
	android:exported
		ADDED from [tsbackgroundfetch-0.2.0.aar] AndroidManifest.xml:19:13-36
	android:permission
		ADDED from [tsbackgroundfetch-0.2.0.aar] AndroidManifest.xml:20:13-69
	android:name
		ADDED from [tsbackgroundfetch-0.2.0.aar] AndroidManifest.xml:18:13-80
receiver#com.transistorsoft.tsbackgroundfetch.BootReceiver
ADDED from [tsbackgroundfetch-0.2.0.aar] AndroidManifest.xml:22:9-27:20
	android:name
		ADDED from [tsbackgroundfetch-0.2.0.aar] AndroidManifest.xml:22:19-83
intent-filter#action:name:android.intent.action.BOOT_COMPLETED+action:name:android.intent.action.MY_PACKAGE_REPLACED
ADDED from [tsbackgroundfetch-0.2.0.aar] AndroidManifest.xml:23:13-26:29
action#android.intent.action.BOOT_COMPLETED
ADDED from [tsbackgroundfetch-0.2.0.aar] AndroidManifest.xml:24:17-79
	android:name
		ADDED from [tsbackgroundfetch-0.2.0.aar] AndroidManifest.xml:24:25-76
action#android.intent.action.MY_PACKAGE_REPLACED
ADDED from [tsbackgroundfetch-0.2.0.aar] AndroidManifest.xml:25:17-84
	android:name
		ADDED from [tsbackgroundfetch-0.2.0.aar] AndroidManifest.xml:25:25-81
uses-permission#android.permission.READ_PHONE_STATE
ADDED from [:device_id] AndroidManifest.xml:7:5-75
	android:name
		ADDED from [:device_id] AndroidManifest.xml:7:22-72
activity#io.flutter.plugins.urllauncher.WebViewActivity
ADDED from [:url_launcher] AndroidManifest.xml:8:9-11:74
	android:exported
		ADDED from [:url_launcher] AndroidManifest.xml:10:13-37
	android:theme
		ADDED from [:url_launcher] AndroidManifest.xml:11:13-71
	android:name
		ADDED from [:url_launcher] AndroidManifest.xml:9:13-74